#-----------------------------------------------------------
# Vivado v2020.2 (64-bit)
# SW Build 3064766 on Wed Nov 18 09:12:45 MST 2020
# IP Build 3064653 on Wed Nov 18 14:17:31 MST 2020
# Start of session at: Thu Mar 13 16:27:01 2025
# Process ID: 3804
# Current directory: D:/Mtech/Vivado/Configurable Pattern Light
# Command line: vivado.exe -gui_launcher_event rodinguilauncherevent3752 D:\Mtech\Vivado\Configurable Pattern Light\Configurable Pattern Light.xpr
# Log file: D:/Mtech/Vivado/Configurable Pattern Light/vivado.log
# Journal file: D:/Mtech/Vivado/Configurable Pattern Light\vivado.jou
#-----------------------------------------------------------
start_gui
open_project {D:/Mtech/Vivado/Configurable Pattern Light/Configurable Pattern Light.xpr}
WARNING: [filemgmt 56-3] Default IP Output Path : Could not find the directory 'D:/Mtech/Vivado/Configurable Pattern Light/Configurable Pattern Light.gen/sources_1'.
Scanning sources...
Finished scanning sources
INFO: [IP_Flow 19-234] Refreshing IP repositories
INFO: [IP_Flow 19-1704] No user IP repositories specified
INFO: [IP_Flow 19-2313] Loaded Vivado IP repository 'C:/Xilinx/Vivado/2020.2/data/ip'.
open_project: Time (s): cpu = 00:00:03 ; elapsed = 00:00:06 . Memory (MB): peak = 1076.070 ; gain = 0.000
update_compile_order -fileset sources_1
add_files -fileset constrs_1 -norecurse {{D:/Mtech/Vivado/Configurable Pattern Light/Basys-3-Master.xdc}}
reset_run synth_1
launch_runs synth_1 -jobs 18
[Thu Mar 13 16:32:34 2025] Launched synth_1...
Run output will be captured here: D:/Mtech/Vivado/Configurable Pattern Light/Configurable Pattern Light.runs/synth_1/runme.log
launch_runs impl_1 -jobs 18
[Thu Mar 13 16:33:11 2025] Launched impl_1...
Run output will be captured here: D:/Mtech/Vivado/Configurable Pattern Light/Configurable Pattern Light.runs/impl_1/runme.log
launch_runs impl_1 -to_step write_bitstream -jobs 18
[Thu Mar 13 16:34:25 2025] Launched impl_1...
Run output will be captured here: D:/Mtech/Vivado/Configurable Pattern Light/Configurable Pattern Light.runs/impl_1/runme.log
exit
INFO: [Common 17-206] Exiting Vivado at Thu Mar 13 16:35:21 2025...
