#-----------------------------------------------------------
# Vivado v2020.2 (64-bit)
# SW Build 3064766 on Wed Nov 18 09:12:45 MST 2020
# IP Build 3064653 on Wed Nov 18 14:17:31 MST 2020
# Start of session at: Wed Mar 12 22:37:19 2025
# Process ID: 4808
# Current directory: D:/Mtech/Vivado/Configurable Pattern Light
# Command line: vivado.exe -gui_launcher_event rodinguilauncherevent5176 D:\Mtech\Vivado\Configurable Pattern Light\Configurable Pattern Light.xpr
# Log file: D:/Mtech/Vivado/Configurable Pattern Light/vivado.log
# Journal file: D:/Mtech/Vivado/Configurable Pattern Light\vivado.jou
#-----------------------------------------------------------
start_gui
open_project {D:/Mtech/Vivado/Configurable Pattern Light/Configurable Pattern Light.xpr}
WARNING: [filemgmt 56-3] Default IP Output Path : Could not find the directory 'D:/Mtech/Vivado/Configurable Pattern Light/Configurable Pattern Light.gen/sources_1'.
Scanning sources...
Finished scanning sources
INFO: [IP_Flow 19-234] Refreshing IP repositories
INFO: [IP_Flow 19-1704] No user IP repositories specified
INFO: [IP_Flow 19-2313] Loaded Vivado IP repository 'C:/Xilinx/Vivado/2020.2/data/ip'.
update_compile_order -fileset sources_1
exit
INFO: [Common 17-206] Exiting Vivado at Wed Mar 12 22:38:23 2025...
