Copyright 1986-2020 Xilinx, Inc. All Rights Reserved.
-----------------------------------------------------------------------------------------------------------------------------------------------------------------------------------------------------------------
| Tool Version : Vivado v.2020.2 (win64) Build 3064766 Wed Nov 18 09:12:45 MST 2020
| Date         : Thu Mar 13 16:33:49 2025
| Host         : DESKTOP-IJF0GJG running 64-bit major release  (build 9200)
| Command      : report_timing_summary -max_paths 10 -file weddinglight_3_timing_summary_routed.rpt -pb weddinglight_3_timing_summary_routed.pb -rpx weddinglight_3_timing_summary_routed.rpx -warn_on_violation
| Design       : weddinglight_3
| Device       : 7a35ti-cpg236
| Speed File   : -1L  PRODUCTION 1.23 2018-06-13
-----------------------------------------------------------------------------------------------------------------------------------------------------------------------------------------------------------------

Timing Summary Report

------------------------------------------------------------------------------------------------
| Timer Settings
| --------------
------------------------------------------------------------------------------------------------

  Enable Multi Corner Analysis               :  Yes
  Enable Pessimism Removal                   :  Yes
  Pessimism Removal Resolution               :  Nearest Common Node
  Enable Input Delay Default Clock           :  No
  Enable Preset / Clear Arcs                 :  No
  Disable Flight Delays                      :  No
  Ignore I/O Paths                           :  No
  Timing Early Launch at Borrowing Latches   :  No
  Borrow Time for Max Delay Exceptions       :  Yes
  Merge Timing Exceptions                    :  Yes

  Corner  Analyze    Analyze    
  Name    Max Paths  Min Paths  
  ------  ---------  ---------  
  Slow    Yes        Yes        
  Fast    Yes        Yes        



check_timing report

Table of Contents
-----------------
1. checking no_clock (63)
2. checking constant_clock (0)
3. checking pulse_width_clock (0)
4. checking unconstrained_internal_endpoints (107)
5. checking no_input_delay (6)
6. checking no_output_delay (16)
7. checking multiple_clock (0)
8. checking generated_clocks (0)
9. checking loops (0)
10. checking partial_input_delay (0)
11. checking partial_output_delay (0)
12. checking latch_loops (0)

1. checking no_clock (63)
-------------------------
 There is 1 register/latch pin with no clock driven by root clock pin: UUT/ff0/FDRE_inst/Q (HIGH)

 There is 1 register/latch pin with no clock driven by root clock pin: UUT/ff1/FDRE_inst/Q (HIGH)

 There is 1 register/latch pin with no clock driven by root clock pin: UUT/ff10/FDRE_inst/Q (HIGH)

 There is 1 register/latch pin with no clock driven by root clock pin: UUT/ff11/FDRE_inst/Q (HIGH)

 There is 1 register/latch pin with no clock driven by root clock pin: UUT/ff12/FDRE_inst/Q (HIGH)

 There is 1 register/latch pin with no clock driven by root clock pin: UUT/ff13/FDRE_inst/Q (HIGH)

 There is 1 register/latch pin with no clock driven by root clock pin: UUT/ff14/FDRE_inst/Q (HIGH)

 There is 1 register/latch pin with no clock driven by root clock pin: UUT/ff15/FDRE_inst/Q (HIGH)

 There is 1 register/latch pin with no clock driven by root clock pin: UUT/ff16/FDRE_inst/Q (HIGH)

 There is 1 register/latch pin with no clock driven by root clock pin: UUT/ff17/FDRE_inst/Q (HIGH)

 There is 1 register/latch pin with no clock driven by root clock pin: UUT/ff18/FDRE_inst/Q (HIGH)

 There is 1 register/latch pin with no clock driven by root clock pin: UUT/ff19/FDRE_inst/Q (HIGH)

 There is 1 register/latch pin with no clock driven by root clock pin: UUT/ff2/FDRE_inst/Q (HIGH)

 There is 1 register/latch pin with no clock driven by root clock pin: UUT/ff20/FDRE_inst/Q (HIGH)

 There is 1 register/latch pin with no clock driven by root clock pin: UUT/ff21/FDRE_inst/Q (HIGH)

 There is 1 register/latch pin with no clock driven by root clock pin: UUT/ff22/FDRE_inst/Q (HIGH)

 There is 1 register/latch pin with no clock driven by root clock pin: UUT/ff23/FDRE_inst/Q (HIGH)

 There is 1 register/latch pin with no clock driven by root clock pin: UUT/ff24/FDRE_inst/Q (HIGH)

 There are 38 register/latch pins with no clock driven by root clock pin: UUT/ff25/FDRE_inst/Q (HIGH)

 There is 1 register/latch pin with no clock driven by root clock pin: UUT/ff3/FDRE_inst/Q (HIGH)

 There is 1 register/latch pin with no clock driven by root clock pin: UUT/ff4/FDRE_inst/Q (HIGH)

 There is 1 register/latch pin with no clock driven by root clock pin: UUT/ff5/FDRE_inst/Q (HIGH)

 There is 1 register/latch pin with no clock driven by root clock pin: UUT/ff6/FDRE_inst/Q (HIGH)

 There is 1 register/latch pin with no clock driven by root clock pin: UUT/ff7/FDRE_inst/Q (HIGH)

 There is 1 register/latch pin with no clock driven by root clock pin: UUT/ff8/FDRE_inst/Q (HIGH)

 There is 1 register/latch pin with no clock driven by root clock pin: UUT/ff9/FDRE_inst/Q (HIGH)


2. checking constant_clock (0)
------------------------------
 There are 0 register/latch pins with constant_clock.


3. checking pulse_width_clock (0)
---------------------------------
 There are 0 register/latch pins which need pulse_width check


4. checking unconstrained_internal_endpoints (107)
--------------------------------------------------
 There are 107 pins that are not constrained for maximum delay. (HIGH)

 There are 0 pins that are not constrained for maximum delay due to constant clock.


5. checking no_input_delay (6)
------------------------------
 There are 6 input ports with no input delay specified. (HIGH)

 There are 0 input ports with no input delay but user has a false path constraint.


6. checking no_output_delay (16)
--------------------------------
 There are 16 ports with no output delay specified. (HIGH)

 There are 0 ports with no output delay but user has a false path constraint

 There are 0 ports with no output delay but with a timing clock defined on it or propagating through it


7. checking multiple_clock (0)
------------------------------
 There are 0 register/latch pins with multiple clocks.


8. checking generated_clocks (0)
--------------------------------
 There are 0 generated clocks that are not connected to a clock source.


9. checking loops (0)
---------------------
 There are 0 combinational loops in the design.


10. checking partial_input_delay (0)
------------------------------------
 There are 0 input ports with partial input delay specified.


11. checking partial_output_delay (0)
-------------------------------------
 There are 0 ports with partial output delay specified.


12. checking latch_loops (0)
----------------------------
 There are 0 combinational latch loops in the design through latch input



------------------------------------------------------------------------------------------------
| Design Timing Summary
| ---------------------
------------------------------------------------------------------------------------------------

    WNS(ns)      TNS(ns)  TNS Failing Endpoints  TNS Total Endpoints      WHS(ns)      THS(ns)  THS Failing Endpoints  THS Total Endpoints     WPWS(ns)     TPWS(ns)  TPWS Failing Endpoints  TPWS Total Endpoints  
    -------      -------  ---------------------  -------------------      -------      -------  ---------------------  -------------------     --------     --------  ----------------------  --------------------  
      9.110        0.000                      0                    1        0.209        0.000                      0                    1        4.500        0.000                       0                     2  


All user specified timing constraints are met.


------------------------------------------------------------------------------------------------
| Clock Summary
| -------------
------------------------------------------------------------------------------------------------

Clock        Waveform(ns)       Period(ns)      Frequency(MHz)
-----        ------------       ----------      --------------
sys_clk_pin  {0.000 5.000}      10.000          100.000         


------------------------------------------------------------------------------------------------
| Intra Clock Table
| -----------------
------------------------------------------------------------------------------------------------

Clock             WNS(ns)      TNS(ns)  TNS Failing Endpoints  TNS Total Endpoints      WHS(ns)      THS(ns)  THS Failing Endpoints  THS Total Endpoints     WPWS(ns)     TPWS(ns)  TPWS Failing Endpoints  TPWS Total Endpoints  
-----             -------      -------  ---------------------  -------------------      -------      -------  ---------------------  -------------------     --------     --------  ----------------------  --------------------  
sys_clk_pin         9.110        0.000                      0                    1        0.209        0.000                      0                    1        4.500        0.000                       0                     2  


------------------------------------------------------------------------------------------------
| Inter Clock Table
| -----------------
------------------------------------------------------------------------------------------------

From Clock    To Clock          WNS(ns)      TNS(ns)  TNS Failing Endpoints  TNS Total Endpoints      WHS(ns)      THS(ns)  THS Failing Endpoints  THS Total Endpoints  
----------    --------          -------      -------  ---------------------  -------------------      -------      -------  ---------------------  -------------------  


------------------------------------------------------------------------------------------------
| Other Path Groups Table
| -----------------------
------------------------------------------------------------------------------------------------

Path Group    From Clock    To Clock          WNS(ns)      TNS(ns)  TNS Failing Endpoints  TNS Total Endpoints      WHS(ns)      THS(ns)  THS Failing Endpoints  THS Total Endpoints  
----------    ----------    --------          -------      -------  ---------------------  -------------------      -------      -------  ---------------------  -------------------  


------------------------------------------------------------------------------------------------
| Timing Details
| --------------
------------------------------------------------------------------------------------------------


---------------------------------------------------------------------------------------------------
From Clock:  sys_clk_pin
  To Clock:  sys_clk_pin

Setup :            0  Failing Endpoints,  Worst Slack        9.110ns,  Total Violation        0.000ns
Hold  :            0  Failing Endpoints,  Worst Slack        0.209ns,  Total Violation        0.000ns
PW    :            0  Failing Endpoints,  Worst Slack        4.500ns,  Total Violation        0.000ns
---------------------------------------------------------------------------------------------------


Max Delay Paths
--------------------------------------------------------------------------------------
Slack (MET) :             9.110ns  (required time - arrival time)
  Source:                 UUT/ff0/FDRE_inst/C
                            (rising edge-triggered cell FDRE clocked by sys_clk_pin  {rise@0.000ns fall@5.000ns period=10.000ns})
  Destination:            UUT/ff0/FDRE_inst/D
                            (rising edge-triggered cell FDRE clocked by sys_clk_pin  {rise@0.000ns fall@5.000ns period=10.000ns})
  Path Group:             sys_clk_pin
  Path Type:              Setup (Max at Slow Process Corner)
  Requirement:            10.000ns  (sys_clk_pin rise@10.000ns - sys_clk_pin rise@0.000ns)
  Data Path Delay:        0.884ns  (logic 0.580ns (65.608%)  route 0.304ns (34.392%))
  Logic Levels:           1  (LUT1=1)
  Clock Path Skew:        0.000ns (DCD - SCD + CPR)
    Destination Clock Delay (DCD):    4.785ns = ( 14.785 - 10.000 ) 
    Source Clock Delay      (SCD):    5.085ns
    Clock Pessimism Removal (CPR):    0.300ns
  Clock Uncertainty:      0.035ns  ((TSJ^2 + TIJ^2)^1/2 + DJ) / 2 + PE
    Total System Jitter     (TSJ):    0.071ns
    Total Input Jitter      (TIJ):    0.000ns
    Discrete Jitter          (DJ):    0.000ns
    Phase Error              (PE):    0.000ns

    Location             Delay type                Incr(ns)  Path(ns)    Netlist Resource(s)
  -------------------------------------------------------------------    -------------------
                         (clock sys_clk_pin rise edge)
                                                      0.000     0.000 r  
    W5                                                0.000     0.000 r  clk (IN)
                         net (fo=0)                   0.000     0.000    clk
    W5                   IBUF (Prop_ibuf_I_O)         1.458     1.458 r  clk_IBUF_inst/O
                         net (fo=1, routed)           1.967     3.425    clk_IBUF
    BUFGCTRL_X0Y1        BUFG (Prop_bufg_I_O)         0.096     3.521 r  clk_IBUF_BUFG_inst/O
                         net (fo=1, routed)           1.564     5.085    UUT/ff0/clk_IBUF_BUFG
    SLICE_X35Y45         FDRE                                         r  UUT/ff0/FDRE_inst/C
  -------------------------------------------------------------------    -------------------
    SLICE_X35Y45         FDRE (Prop_fdre_C_Q)         0.456     5.541 f  UUT/ff0/FDRE_inst/Q
                         net (fo=2, routed)           0.304     5.845    UUT/ff0/FDRE_inst_0
    SLICE_X35Y45         LUT1 (Prop_lut1_I0_O)        0.124     5.969 r  UUT/ff0/FDRE_inst_i_1/O
                         net (fo=1, routed)           0.000     5.969    UUT/ff0/T_temp
    SLICE_X35Y45         FDRE                                         r  UUT/ff0/FDRE_inst/D
  -------------------------------------------------------------------    -------------------

                         (clock sys_clk_pin rise edge)
                                                     10.000    10.000 r  
    W5                                                0.000    10.000 r  clk (IN)
                         net (fo=0)                   0.000    10.000    clk
    W5                   IBUF (Prop_ibuf_I_O)         1.388    11.388 r  clk_IBUF_inst/O
                         net (fo=1, routed)           1.862    13.250    clk_IBUF
    BUFGCTRL_X0Y1        BUFG (Prop_bufg_I_O)         0.091    13.341 r  clk_IBUF_BUFG_inst/O
                         net (fo=1, routed)           1.444    14.785    UUT/ff0/clk_IBUF_BUFG
    SLICE_X35Y45         FDRE                                         r  UUT/ff0/FDRE_inst/C
                         clock pessimism              0.300    15.085    
                         clock uncertainty           -0.035    15.050    
    SLICE_X35Y45         FDRE (Setup_fdre_C_D)        0.029    15.079    UUT/ff0/FDRE_inst
  -------------------------------------------------------------------
                         required time                         15.079    
                         arrival time                          -5.969    
  -------------------------------------------------------------------
                         slack                                  9.110    





Min Delay Paths
--------------------------------------------------------------------------------------
Slack (MET) :             0.209ns  (arrival time - required time)
  Source:                 UUT/ff0/FDRE_inst/C
                            (rising edge-triggered cell FDRE clocked by sys_clk_pin  {rise@0.000ns fall@5.000ns period=10.000ns})
  Destination:            UUT/ff0/FDRE_inst/D
                            (rising edge-triggered cell FDRE clocked by sys_clk_pin  {rise@0.000ns fall@5.000ns period=10.000ns})
  Path Group:             sys_clk_pin
  Path Type:              Hold (Min at Fast Process Corner)
  Requirement:            0.000ns  (sys_clk_pin rise@0.000ns - sys_clk_pin rise@0.000ns)
  Data Path Delay:        0.300ns  (logic 0.186ns (61.991%)  route 0.114ns (38.009%))
  Logic Levels:           1  (LUT1=1)
  Clock Path Skew:        0.000ns (DCD - SCD - CPR)
    Destination Clock Delay (DCD):    1.958ns
    Source Clock Delay      (SCD):    1.445ns
    Clock Pessimism Removal (CPR):    0.513ns

    Location             Delay type                Incr(ns)  Path(ns)    Netlist Resource(s)
  -------------------------------------------------------------------    -------------------
                         (clock sys_clk_pin rise edge)
                                                      0.000     0.000 r  
    W5                                                0.000     0.000 r  clk (IN)
                         net (fo=0)                   0.000     0.000    clk
    W5                   IBUF (Prop_ibuf_I_O)         0.226     0.226 r  clk_IBUF_inst/O
                         net (fo=1, routed)           0.631     0.858    clk_IBUF
    BUFGCTRL_X0Y1        BUFG (Prop_bufg_I_O)         0.026     0.884 r  clk_IBUF_BUFG_inst/O
                         net (fo=1, routed)           0.562     1.445    UUT/ff0/clk_IBUF_BUFG
    SLICE_X35Y45         FDRE                                         r  UUT/ff0/FDRE_inst/C
  -------------------------------------------------------------------    -------------------
    SLICE_X35Y45         FDRE (Prop_fdre_C_Q)         0.141     1.586 f  UUT/ff0/FDRE_inst/Q
                         net (fo=2, routed)           0.114     1.700    UUT/ff0/FDRE_inst_0
    SLICE_X35Y45         LUT1 (Prop_lut1_I0_O)        0.045     1.745 r  UUT/ff0/FDRE_inst_i_1/O
                         net (fo=1, routed)           0.000     1.745    UUT/ff0/T_temp
    SLICE_X35Y45         FDRE                                         r  UUT/ff0/FDRE_inst/D
  -------------------------------------------------------------------    -------------------

                         (clock sys_clk_pin rise edge)
                                                      0.000     0.000 r  
    W5                                                0.000     0.000 r  clk (IN)
                         net (fo=0)                   0.000     0.000    clk
    W5                   IBUF (Prop_ibuf_I_O)         0.414     0.414 r  clk_IBUF_inst/O
                         net (fo=1, routed)           0.685     1.099    clk_IBUF
    BUFGCTRL_X0Y1        BUFG (Prop_bufg_I_O)         0.029     1.128 r  clk_IBUF_BUFG_inst/O
                         net (fo=1, routed)           0.831     1.958    UUT/ff0/clk_IBUF_BUFG
    SLICE_X35Y45         FDRE                                         r  UUT/ff0/FDRE_inst/C
                         clock pessimism             -0.513     1.445    
    SLICE_X35Y45         FDRE (Hold_fdre_C_D)         0.091     1.536    UUT/ff0/FDRE_inst
  -------------------------------------------------------------------
                         required time                         -1.536    
                         arrival time                           1.745    
  -------------------------------------------------------------------
                         slack                                  0.209    





Pulse Width Checks
--------------------------------------------------------------------------------------
Clock Name:         sys_clk_pin
Waveform(ns):       { 0.000 5.000 }
Period(ns):         10.000
Sources:            { clk }

Check Type        Corner  Lib Pin  Reference Pin  Required(ns)  Actual(ns)  Slack(ns)  Location       Pin
Min Period        n/a     BUFG/I   n/a            2.155         10.000      7.845      BUFGCTRL_X0Y1  clk_IBUF_BUFG_inst/I
Min Period        n/a     FDRE/C   n/a            1.000         10.000      9.000      SLICE_X35Y45   UUT/ff0/FDRE_inst/C
Low Pulse Width   Slow    FDRE/C   n/a            0.500         5.000       4.500      SLICE_X35Y45   UUT/ff0/FDRE_inst/C
Low Pulse Width   Fast    FDRE/C   n/a            0.500         5.000       4.500      SLICE_X35Y45   UUT/ff0/FDRE_inst/C
High Pulse Width  Fast    FDRE/C   n/a            0.500         5.000       4.500      SLICE_X35Y45   UUT/ff0/FDRE_inst/C
High Pulse Width  Slow    FDRE/C   n/a            0.500         5.000       4.500      SLICE_X35Y45   UUT/ff0/FDRE_inst/C



