
*** Running vivado
    with args -log weddinglight_3.vds -m64 -product Vivado -mode batch -messageDb vivado.pb -notrace -source weddinglight_3.tcl



****** Vivado v2020.2 (64-bit)
  **** SW Build 3064766 on Wed Nov 18 09:12:45 MST 2020
  **** IP Build 3064653 on Wed Nov 18 14:17:31 MST 2020
    ** Copyright 1986-2020 Xilinx, Inc. All Rights Reserved.

source weddinglight_3.tcl -notrace
Command: synth_design -top weddinglight_3 -part xc7a35ticpg236-1L
Starting synth_design
Attempting to get a license for feature 'Synthesis' and/or device 'xc7a35ti'
INFO: [Common 17-349] Got license for feature 'Synthesis' and/or device 'xc7a35ti'
INFO: [Synth 8-7079] Multithreading enabled for synth_design using a maximum of 2 processes.
INFO: [Synth 8-7078] Launching helper process for spawning children vivado processes
INFO: [Synth 8-7075] Helper process launched with PID 11036
---------------------------------------------------------------------------------
Starting Synthesize : Time (s): cpu = 00:00:02 ; elapsed = 00:00:03 . Memory (MB): peak = 1109.887 ; gain = 0.000
---------------------------------------------------------------------------------
INFO: [Synth 8-6157] synthesizing module 'weddinglight_3' [D:/Mtech/Vivado/Configurable Pattern Light/Configurable Pattern Light.srcs/sources_1/new/weddinglight_3.v:6]
INFO: [Synth 8-6157] synthesizing module 'FDRE' [C:/Xilinx/Vivado/2020.2/scripts/rt/data/unisim_comp.v:13724]
	Parameter INIT bound to: 1'b0 
	Parameter IS_C_INVERTED bound to: 1'b0 
	Parameter IS_D_INVERTED bound to: 1'b0 
	Parameter IS_R_INVERTED bound to: 1'b0 
INFO: [Synth 8-6155] done synthesizing module 'FDRE' (1#1) [C:/Xilinx/Vivado/2020.2/scripts/rt/data/unisim_comp.v:13724]
INFO: [Synth 8-6157] synthesizing module 'clock_divider' [D:/Mtech/Vivado/frequency_divider/frequency_divider.srcs/sources_1/new/clock_divider.v:3]
INFO: [Synth 8-6157] synthesizing module 'Tflipflop_IP' [D:/Mtech/Vivado/frequency_divider/frequency_divider.srcs/sources_1/new/Tflipflop_IP.v:4]
INFO: [Synth 8-6155] done synthesizing module 'Tflipflop_IP' (2#1) [D:/Mtech/Vivado/frequency_divider/frequency_divider.srcs/sources_1/new/Tflipflop_IP.v:4]
INFO: [Synth 8-6155] done synthesizing module 'clock_divider' (3#1) [D:/Mtech/Vivado/frequency_divider/frequency_divider.srcs/sources_1/new/clock_divider.v:3]
WARNING: [Synth 8-7071] port 'q' of module 'clock_divider' is unconnected for instance 'UUT' [D:/Mtech/Vivado/Configurable Pattern Light/Configurable Pattern Light.srcs/sources_1/new/weddinglight_3.v:17]
WARNING: [Synth 8-7023] instance 'UUT' of module 'clock_divider' has 3 connections declared, but only 2 given [D:/Mtech/Vivado/Configurable Pattern Light/Configurable Pattern Light.srcs/sources_1/new/weddinglight_3.v:17]
INFO: [Synth 8-6155] done synthesizing module 'weddinglight_3' (4#1) [D:/Mtech/Vivado/Configurable Pattern Light/Configurable Pattern Light.srcs/sources_1/new/weddinglight_3.v:6]
---------------------------------------------------------------------------------
Finished Synthesize : Time (s): cpu = 00:00:02 ; elapsed = 00:00:03 . Memory (MB): peak = 1109.887 ; gain = 0.000
---------------------------------------------------------------------------------
---------------------------------------------------------------------------------
Finished Constraint Validation : Time (s): cpu = 00:00:02 ; elapsed = 00:00:04 . Memory (MB): peak = 1109.887 ; gain = 0.000
---------------------------------------------------------------------------------
---------------------------------------------------------------------------------
Start Loading Part and Timing Information
---------------------------------------------------------------------------------
Loading part: xc7a35ticpg236-1L
---------------------------------------------------------------------------------
Finished Loading Part and Timing Information : Time (s): cpu = 00:00:02 ; elapsed = 00:00:04 . Memory (MB): peak = 1109.887 ; gain = 0.000
---------------------------------------------------------------------------------
INFO: [Device 21-403] Loading part xc7a35ticpg236-1L
---------------------------------------------------------------------------------
Finished RTL Optimization Phase 2 : Time (s): cpu = 00:00:02 ; elapsed = 00:00:04 . Memory (MB): peak = 1109.887 ; gain = 0.000
---------------------------------------------------------------------------------
No constraint files found.
---------------------------------------------------------------------------------
Start RTL Component Statistics 
---------------------------------------------------------------------------------
Detailed RTL Component Info : 
+---Adders : 
	   2 Input    3 Bit       Adders := 2     
+---XORs : 
	   2 Input      1 Bit         XORs := 26    
+---Registers : 
	                3 Bit    Registers := 2     
+---Muxes : 
	   2 Input    1 Bit        Muxes := 1     
---------------------------------------------------------------------------------
Finished RTL Component Statistics 
---------------------------------------------------------------------------------
---------------------------------------------------------------------------------
Start Part Resource Summary
---------------------------------------------------------------------------------
Part Resources:
DSPs: 90 (col length:60)
BRAMs: 100 (col length: RAMB18 60 RAMB36 30)
---------------------------------------------------------------------------------
Finished Part Resource Summary
---------------------------------------------------------------------------------
No constraint files found.
---------------------------------------------------------------------------------
Start Cross Boundary and Area Optimization
---------------------------------------------------------------------------------
---------------------------------------------------------------------------------
Finished Cross Boundary and Area Optimization : Time (s): cpu = 00:00:04 ; elapsed = 00:00:07 . Memory (MB): peak = 1109.887 ; gain = 0.000
---------------------------------------------------------------------------------
No constraint files found.
---------------------------------------------------------------------------------
Start Timing Optimization
---------------------------------------------------------------------------------
---------------------------------------------------------------------------------
Finished Timing Optimization : Time (s): cpu = 00:00:04 ; elapsed = 00:00:07 . Memory (MB): peak = 1109.887 ; gain = 0.000
---------------------------------------------------------------------------------
---------------------------------------------------------------------------------
Start Technology Mapping
---------------------------------------------------------------------------------
---------------------------------------------------------------------------------
Finished Technology Mapping : Time (s): cpu = 00:00:04 ; elapsed = 00:00:08 . Memory (MB): peak = 1109.887 ; gain = 0.000
---------------------------------------------------------------------------------
---------------------------------------------------------------------------------
Start IO Insertion
---------------------------------------------------------------------------------
---------------------------------------------------------------------------------
Start Flattening Before IO Insertion
---------------------------------------------------------------------------------
---------------------------------------------------------------------------------
Finished Flattening Before IO Insertion
---------------------------------------------------------------------------------
---------------------------------------------------------------------------------
Start Final Netlist Cleanup
---------------------------------------------------------------------------------
---------------------------------------------------------------------------------
Finished Final Netlist Cleanup
---------------------------------------------------------------------------------
---------------------------------------------------------------------------------
Finished IO Insertion : Time (s): cpu = 00:00:05 ; elapsed = 00:00:09 . Memory (MB): peak = 1109.887 ; gain = 0.000
---------------------------------------------------------------------------------
---------------------------------------------------------------------------------
Start Renaming Generated Instances
---------------------------------------------------------------------------------
---------------------------------------------------------------------------------
Finished Renaming Generated Instances : Time (s): cpu = 00:00:05 ; elapsed = 00:00:09 . Memory (MB): peak = 1109.887 ; gain = 0.000
---------------------------------------------------------------------------------
---------------------------------------------------------------------------------
Start Rebuilding User Hierarchy
---------------------------------------------------------------------------------
---------------------------------------------------------------------------------
Finished Rebuilding User Hierarchy : Time (s): cpu = 00:00:05 ; elapsed = 00:00:09 . Memory (MB): peak = 1109.887 ; gain = 0.000
---------------------------------------------------------------------------------
---------------------------------------------------------------------------------
Start Renaming Generated Ports
---------------------------------------------------------------------------------
---------------------------------------------------------------------------------
Finished Renaming Generated Ports : Time (s): cpu = 00:00:05 ; elapsed = 00:00:09 . Memory (MB): peak = 1109.887 ; gain = 0.000
---------------------------------------------------------------------------------
---------------------------------------------------------------------------------
Start Handling Custom Attributes
---------------------------------------------------------------------------------
---------------------------------------------------------------------------------
Finished Handling Custom Attributes : Time (s): cpu = 00:00:05 ; elapsed = 00:00:09 . Memory (MB): peak = 1109.887 ; gain = 0.000
---------------------------------------------------------------------------------
---------------------------------------------------------------------------------
Start Renaming Generated Nets
---------------------------------------------------------------------------------
---------------------------------------------------------------------------------
Finished Renaming Generated Nets : Time (s): cpu = 00:00:05 ; elapsed = 00:00:09 . Memory (MB): peak = 1109.887 ; gain = 0.000
---------------------------------------------------------------------------------
---------------------------------------------------------------------------------
Start Writing Synthesis Report
---------------------------------------------------------------------------------

Report BlackBoxes: 
+-+--------------+----------+
| |BlackBox name |Instances |
+-+--------------+----------+
+-+--------------+----------+

Report Cell Usage: 
+------+-----+------+
|      |Cell |Count |
+------+-----+------+
|1     |BUFG |     1|
|2     |LUT1 |    28|
|3     |LUT2 |     2|
|4     |LUT3 |     3|
|5     |LUT5 |     1|
|6     |LUT6 |     1|
|7     |FDRE |    48|
|8     |IBUF |     7|
|9     |OBUF |    16|
+------+-----+------+

Report Instance Areas: 
+------+---------+----------------+------+
|      |Instance |Module          |Cells |
+------+---------+----------------+------+
|1     |top      |                |   107|
|2     |  UUT    |clock_divider   |    52|
|3     |    ff0  |Tflipflop_IP    |     2|
|4     |    ff1  |Tflipflop_IP_0  |     2|
|5     |    ff10 |Tflipflop_IP_1  |     2|
|6     |    ff11 |Tflipflop_IP_2  |     2|
|7     |    ff12 |Tflipflop_IP_3  |     2|
|8     |    ff13 |Tflipflop_IP_4  |     2|
|9     |    ff14 |Tflipflop_IP_5  |     2|
|10    |    ff15 |Tflipflop_IP_6  |     2|
|11    |    ff16 |Tflipflop_IP_7  |     2|
|12    |    ff17 |Tflipflop_IP_8  |     2|
|13    |    ff18 |Tflipflop_IP_9  |     2|
|14    |    ff19 |Tflipflop_IP_10 |     2|
|15    |    ff2  |Tflipflop_IP_11 |     2|
|16    |    ff20 |Tflipflop_IP_12 |     2|
|17    |    ff21 |Tflipflop_IP_13 |     2|
|18    |    ff22 |Tflipflop_IP_14 |     2|
|19    |    ff23 |Tflipflop_IP_15 |     2|
|20    |    ff24 |Tflipflop_IP_16 |     2|
|21    |    ff25 |Tflipflop_IP_17 |     2|
|22    |    ff3  |Tflipflop_IP_18 |     2|
|23    |    ff4  |Tflipflop_IP_19 |     2|
|24    |    ff5  |Tflipflop_IP_20 |     2|
|25    |    ff6  |Tflipflop_IP_21 |     2|
|26    |    ff7  |Tflipflop_IP_22 |     2|
|27    |    ff8  |Tflipflop_IP_23 |     2|
|28    |    ff9  |Tflipflop_IP_24 |     2|
+------+---------+----------------+------+
---------------------------------------------------------------------------------
Finished Writing Synthesis Report : Time (s): cpu = 00:00:05 ; elapsed = 00:00:09 . Memory (MB): peak = 1109.887 ; gain = 0.000
---------------------------------------------------------------------------------
Synthesis finished with 0 errors, 0 critical warnings and 2 warnings.
Synthesis Optimization Runtime : Time (s): cpu = 00:00:05 ; elapsed = 00:00:09 . Memory (MB): peak = 1109.887 ; gain = 0.000
Synthesis Optimization Complete : Time (s): cpu = 00:00:05 ; elapsed = 00:00:09 . Memory (MB): peak = 1109.887 ; gain = 0.000
INFO: [Project 1-571] Translating synthesized netlist
Netlist sorting complete. Time (s): cpu = 00:00:00 ; elapsed = 00:00:00.001 . Memory (MB): peak = 1109.887 ; gain = 0.000
INFO: [Project 1-570] Preparing netlist for logic optimization
INFO: [Opt 31-138] Pushed 0 inverter(s) to 0 load pin(s).
Netlist sorting complete. Time (s): cpu = 00:00:00 ; elapsed = 00:00:00 . Memory (MB): peak = 1158.188 ; gain = 0.000
INFO: [Project 1-111] Unisim Transformation Summary:
No Unisim elements were transformed.

INFO: [Common 17-83] Releasing license: Synthesis
18 Infos, 2 Warnings, 0 Critical Warnings and 0 Errors encountered.
synth_design completed successfully
synth_design: Time (s): cpu = 00:00:07 ; elapsed = 00:00:14 . Memory (MB): peak = 1158.188 ; gain = 48.301
INFO: [Common 17-1381] The checkpoint 'D:/Mtech/Vivado/Configurable Pattern Light/Configurable Pattern Light.runs/synth_1/weddinglight_3.dcp' has been generated.
INFO: [runtcl-4] Executing : report_utilization -file weddinglight_3_utilization_synth.rpt -pb weddinglight_3_utilization_synth.pb
INFO: [Common 17-206] Exiting Vivado at Thu Mar 13 00:03:23 2025...
