Vivado Simulator 2020.2
Copyright 1986-1999, 2001-2020 Xilinx, Inc. All Rights Reserved.
Running: C:/Xilinx/Vivado/2020.2/bin/unwrapped/win64.o/xelab.exe -wto ed3ff223443749a19776b07fbf1cedcc --incr --debug typical --relax --mt 2 -L xil_defaultlib -L unisims_ver -L secureip --snapshot weddinglight_3TB_func_synth xil_defaultlib.weddinglight_3TB xil_defaultlib.glbl -log elaborate.log 
Using 2 slave threads.
Starting static elaboration
Pass Through NonSizing Optimizer
Completed static elaboration
Starting simulation data flow analysis
Completed simulation data flow analysis
Time Resolution for simulation is 1ps
Compiling module unisims_ver.FDRE_default
Compiling module unisims_ver.x_lut1_mux2
Compiling module unisims_ver.LUT1
Compiling module xil_defaultlib.Tflipflop_IP
Compiling module xil_defaultlib.Tflipflop_IP_0
Compiling module xil_defaultlib.Tflipflop_IP_1
Compiling module xil_defaultlib.Tflipflop_IP_2
Compiling module xil_defaultlib.Tflipflop_IP_3
Compiling module xil_defaultlib.Tflipflop_IP_4
Compiling module xil_defaultlib.Tflipflop_IP_5
Compiling module xil_defaultlib.Tflipflop_IP_6
Compiling module xil_defaultlib.Tflipflop_IP_7
Compiling module xil_defaultlib.Tflipflop_IP_8
Compiling module xil_defaultlib.Tflipflop_IP_9
Compiling module xil_defaultlib.Tflipflop_IP_10
Compiling module xil_defaultlib.Tflipflop_IP_11
Compiling module xil_defaultlib.Tflipflop_IP_12
Compiling module xil_defaultlib.Tflipflop_IP_13
Compiling module xil_defaultlib.Tflipflop_IP_14
Compiling module xil_defaultlib.Tflipflop_IP_15
Compiling module xil_defaultlib.Tflipflop_IP_16
Compiling module xil_defaultlib.Tflipflop_IP_17
Compiling module xil_defaultlib.Tflipflop_IP_18
Compiling module xil_defaultlib.Tflipflop_IP_19
Compiling module xil_defaultlib.Tflipflop_IP_20
Compiling module xil_defaultlib.Tflipflop_IP_21
Compiling module xil_defaultlib.Tflipflop_IP_22
Compiling module xil_defaultlib.Tflipflop_IP_23
Compiling module xil_defaultlib.Tflipflop_IP_24
Compiling module xil_defaultlib.clock_divider
Compiling module unisims_ver.BUFG
Compiling module unisims_ver.IBUF
Compiling module unisims_ver.LUT5(INIT=32'b101110001011100011...
Compiling module unisims_ver.LUT6(INIT=64'b101011111010000011...
Compiling module unisims_ver.x_lut2_mux4
Compiling module unisims_ver.LUT2
Compiling module unisims_ver.x_lut3_mux8
Compiling module unisims_ver.LUT3
Compiling module unisims_ver.OBUF
Compiling module xil_defaultlib.weddinglight_3
Compiling module xil_defaultlib.weddinglight_3TB
Compiling module xil_defaultlib.glbl
Built simulation snapshot weddinglight_3TB_func_synth
